# JRE version: OpenJDK Runtime Environment (8.0_292-b10) (build 1.8.0_292-8u292-b10-0ubuntu1~20.04-b10)
# Java VM: OpenJDK 64-Bit Server VM (25.292-b10 mixed mode linux-amd64 compressed oops)
Heap:
 PSYoungGen      total 137216K, used 64465K [0x00000000f5580000, 0x0000000100000000, 0x0000000100000000)
  eden space 109056K, 42% used [0x00000000f5580000,0x00000000f8297670,0x00000000fc000000)
  from space 28160K, 64% used [0x00000000fe480000,0x00000000ff65cdc0,0x0000000100000000)
  to   space 32768K, 0% used [0x00000000fc000000,0x00000000fc000000,0x00000000fe000000)
 ParOldGen       total 215552K, used 67390K [0x00000000e0000000, 0x00000000ed280000, 0x00000000f5580000)
  object space 215552K, 31% used [0x00000000e0000000,0x00000000e41cfa30,0x00000000ed280000)
 Metaspace       used 71800K, capacity 77372K, committed 77568K, reserved 1116160K
  class space    used 10099K, capacity 11253K, committed 11264K, reserved 1048576K
GC Heap History (10 events):
Event: 15.207 GC heap before
{Heap before GC invocations=11 (full 3):
 PSYoungGen      total 144896K, used 15346K [0x00000000f5580000, 0x0000000100000000, 0x0000000100000000)
  eden space 129536K, 0% used [0x00000000f5580000,0x00000000f5580000,0x00000000fd400000)
  from space 15360K, 99% used [0x00000000ff100000,0x00000000ffffcab8,0x0000000100000000)
  to   space 22528K, 0% used [0x00000000fd400000,0x00000000fd400000,0x00000000fea00000)
 ParOldGen       total 175104K, used 26901K [0x00000000e0000000, 0x00000000eab00000, 0x00000000f5580000)
  object space 175104K, 15% used [0x00000000e0000000,0x00000000e1a45780,0x00000000eab00000)
 Metaspace       used 56364K, capacity 58990K, committed 59028K, reserved 1099776K
  class space    used 7866K, capacity 8443K, committed 8448K, reserved 1048576K
Event: 15.442 GC heap after
Heap after GC invocations=11 (full 3):
 PSYoungGen      total 144896K, used 0K [0x00000000f5580000, 0x0000000100000000, 0x0000000100000000)
  eden space 129536K, 0% used [0x00000000f5580000,0x00000000f5580000,0x00000000fd400000)
  from space 15360K, 0% used [0x00000000ff100000,0x00000000ff100000,0x0000000100000000)
  to   space 22528K, 0% used [0x00000000fd400000,0x00000000fd400000,0x00000000fea00000)
 ParOldGen       total 215552K, used 35512K [0x00000000e0000000, 0x00000000ed280000, 0x00000000f5580000)
  object space 215552K, 16% used [0x00000000e0000000,0x00000000e22ae308,0x00000000ed280000)
 Metaspace       used 56331K, capacity 58882K, committed 59028K, reserved 1099776K
  class space    used 7856K, capacity 8425K, committed 8448K, reserved 1048576K
}
Event: 18.120 GC heap before
{Heap before GC invocations=12 (full 3):
 PSYoungGen      total 144896K, used 129536K [0x00000000f5580000, 0x0000000100000000, 0x0000000100000000)
  eden space 129536K, 100% used [0x00000000f5580000,0x00000000fd400000,0x00000000fd400000)
  from space 15360K, 0% used [0x00000000ff100000,0x00000000ff100000,0x0000000100000000)
  to   space 22528K, 0% used [0x00000000fd400000,0x00000000fd400000,0x00000000fea00000)
 ParOldGen       total 215552K, used 35512K [0x00000000e0000000, 0x00000000ed280000, 0x00000000f5580000)
  object space 215552K, 16% used [0x00000000e0000000,0x00000000e22ae308,0x00000000ed280000)
 Metaspace       used 61355K, capacity 65058K, committed 65280K, reserved 1105920K
  class space    used 8669K, capacity 9610K, committed 9728K, reserved 1048576K
Event: 18.137 GC heap after
Heap after GC invocations=12 (full 3):
 PSYoungGen      total 147968K, used 18240K [0x00000000f5580000, 0x0000000100000000, 0x0000000100000000)
  eden space 129536K, 0% used [0x00000000f5580000,0x00000000f5580000,0x00000000fd400000)
  from space 18432K, 98% used [0x00000000fd400000,0x00000000fe5d0190,0x00000000fe600000)
  to   space 23552K, 0% used [0x00000000fe900000,0x00000000fe900000,0x0000000100000000)
 ParOldGen       total 215552K, used 35520K [0x00000000e0000000, 0x00000000ed280000, 0x00000000f5580000)
  object space 215552K, 16% used [0x00000000e0000000,0x00000000e22b0308,0x00000000ed280000)
 Metaspace       used 61355K, capacity 65058K, committed 65280K, reserved 1105920K
  class space    used 8669K, capacity 9610K, committed 9728K, reserved 1048576K
}
Event: 20.653 GC heap before
{Heap before GC invocations=13 (full 3):
 PSYoungGen      total 147968K, used 147776K [0x00000000f5580000, 0x0000000100000000, 0x0000000100000000)
  eden space 129536K, 100% used [0x00000000f5580000,0x00000000fd400000,0x00000000fd400000)
  from space 18432K, 98% used [0x00000000fd400000,0x00000000fe5d0190,0x00000000fe600000)
  to   space 23552K, 0% used [0x00000000fe900000,0x00000000fe900000,0x0000000100000000)
 ParOldGen       total 215552K, used 35520K [0x00000000e0000000, 0x00000000ed280000, 0x00000000f5580000)
  object space 215552K, 16% used [0x00000000e0000000,0x00000000e22b0308,0x00000000ed280000)
 Metaspace       used 67415K, capacity 71832K, committed 72064K, reserved 1110016K
  class space    used 9563K, capacity 10567K, committed 10624K, reserved 1048576K
Event: 20.686 GC heap after
Heap after GC invocations=13 (full 3):
 PSYoungGen      total 141824K, used 23549K [0x00000000f5580000, 0x0000000100000000, 0x0000000100000000)
  eden space 118272K, 0% used [0x00000000f5580000,0x00000000f5580000,0x00000000fc900000)
  from space 23552K, 99% used [0x00000000fe900000,0x00000000fffff500,0x0000000100000000)
  to   space 28160K, 0% used [0x00000000fc900000,0x00000000fc900000,0x00000000fe480000)
 ParOldGen       total 215552K, used 40749K [0x00000000e0000000, 0x00000000ed280000, 0x00000000f5580000)
  object space 215552K, 18% used [0x00000000e0000000,0x00000000e27cb6b8,0x00000000ed280000)
 Metaspace       used 67415K, capacity 71832K, committed 72064K, reserved 1110016K
  class space    used 9563K, capacity 10567K, committed 10624K, reserved 1048576K
}
Event: 22.767 GC heap before
{Heap before GC invocations=14 (full 3):
 PSYoungGen      total 141824K, used 141821K [0x00000000f5580000, 0x0000000100000000, 0x0000000100000000)
  eden space 118272K, 100% used [0x00000000f5580000,0x00000000fc900000,0x00000000fc900000)
  from space 23552K, 99% used [0x00000000fe900000,0x00000000fffff500,0x0000000100000000)
  to   space 28160K, 0% used [0x00000000fc900000,0x00000000fc900000,0x00000000fe480000)
 ParOldGen       total 215552K, used 40749K [0x00000000e0000000, 0x00000000ed280000, 0x00000000f5580000)
  object space 215552K, 18% used [0x00000000e0000000,0x00000000e27cb6b8,0x00000000ed280000)
 Metaspace       used 69203K, capacity 74038K, committed 74368K, reserved 1112064K
  class space    used 9717K, capacity 10756K, committed 10880K, reserved 1048576K
Event: 22.806 GC heap after
Heap after GC invocations=14 (full 3):
 PSYoungGen      total 146432K, used 28157K [0x00000000f5580000, 0x0000000100000000, 0x0000000100000000)
  eden space 118272K, 0% used [0x00000000f5580000,0x00000000f5580000,0x00000000fc900000)
  from space 28160K, 99% used [0x00000000fc900000,0x00000000fe47f500,0x00000000fe480000)
  to   space 28160K, 0% used [0x00000000fe480000,0x00000000fe480000,0x0000000100000000)
 ParOldGen       total 215552K, used 45372K [0x00000000e0000000, 0x00000000ed280000, 0x00000000f5580000)
  object space 215552K, 21% used [0x00000000e0000000,0x00000000e2c4f080,0x00000000ed280000)
 Metaspace       used 69203K, capacity 74038K, committed 74368K, reserved 1112064K
  class space    used 9717K, capacity 10756K, committed 10880K, reserved 1048576K
}
Event: 25.058 GC heap before
{Heap before GC invocations=15 (full 3):
 PSYoungGen      total 146432K, used 146429K [0x00000000f5580000, 0x0000000100000000, 0x0000000100000000)
  eden space 118272K, 100% used [0x00000000f5580000,0x00000000fc900000,0x00000000fc900000)
  from space 28160K, 99% used [0x00000000fc900000,0x00000000fe47f500,0x00000000fe480000)
  to   space 28160K, 0% used [0x00000000fe480000,0x00000000fe480000,0x0000000100000000)
 ParOldGen       total 215552K, used 45372K [0x00000000e0000000, 0x00000000ed280000, 0x00000000f5580000)
  object space 215552K, 21% used [0x00000000e0000000,0x00000000e2c4f080,0x00000000ed280000)
 Metaspace       used 71494K, capacity 76888K, committed 77056K, reserved 1116160K
  class space    used 10071K, capacity 11175K, committed 11264K, reserved 1048576K
Event: 25.107 GC heap after
Heap after GC invocations=15 (full 3):
 PSYoungGen      total 137216K, used 18291K [0x00000000f5580000, 0x0000000100000000, 0x0000000100000000)
  eden space 109056K, 0% used [0x00000000f5580000,0x00000000f5580000,0x00000000fc000000)
  from space 28160K, 64% used [0x00000000fe480000,0x00000000ff65cdc0,0x0000000100000000)
  to   space 32768K, 0% used [0x00000000fc000000,0x00000000fc000000,0x00000000fe000000)
 ParOldGen       total 215552K, used 67390K [0x00000000e0000000, 0x00000000ed280000, 0x00000000f5580000)
  object space 215552K, 31% used [0x00000000e0000000,0x00000000e41cfa30,0x00000000ed280000)
 Metaspace       used 71494K, capacity 76888K, committed 77056K, reserved 1116160K
  class space    used 10071K, capacity 11175K, committed 11264K, reserved 1048576K
}

